<?xml version="1.0" encoding="UTF-8"?>
<!-- Generated by org.testng.reporters.JUnitXMLReporter -->
<testsuite ignored="0" hostname="DESKTOP-SAUO6O6" failures="1" tests="5" name="Test" time="0.243" errors="0" timestamp="2024-07-02T23:27:11 IST">
  <testcase classname="com.w2a.API_Batch3.testCases.TestCreateCustomerAPI" name="m1" time="0.008">
    <skipped/>
  </testcase> <!-- m1 -->
  <testcase classname="com.w2a.API_Batch3.testCases.TestCreateCustomerAPI" name="m1" time="0.001">
    <skipped/>
  </testcase> <!-- m1 -->
  <testcase classname="com.w2a.API_Batch3.testCases.TestCreateCustomerAPI" name="m1" time="0.001">
    <skipped/>
  </testcase> <!-- m1 -->
  <testcase classname="com.w2a.API_Batch3.testCases.TestCreateCustomerAPI" name="m1" time="0.0">
    <failure type="java.lang.AssertionError" message="null">
      <![CDATA[java.lang.AssertionError: null
at com.w2a.API_Batch3.testCases.TestCreateCustomerAPI.m1(TestCreateCustomerAPI.java:68)
at java.base/java.util.ArrayList.forEach(ArrayList.java:1597)
... Removed 27 stack frames]]>
    </failure>
  </testcase> <!-- m1 -->
  <testcase classname="com.w2a.API_Batch3.testCases.TestCreateCustomerAPI" name="validateCreateCustomerAPI" time="0.0">
    <skipped/>
  </testcase> <!-- validateCreateCustomerAPI -->
</testsuite> <!-- Test -->
